<?xml version="1.0" encoding="UTF-8"?>
<testsuite xmlns:xsi="http://www.w3.org/2001/XMLSchema-instance" xsi:noNamespaceSchemaLocation="https://maven.apache.org/surefire/maven-surefire-plugin/xsd/surefire-test-report.xsd" name="TestSuite" time="20.999" tests="3" errors="0" skipped="0" failures="1">
  <properties>
[...]
</properties>
  <testcase name="LogInBO" classname="auto_test_task2.BOdocCategory" time="6.374"/>
  <testcase name="AddDocCategorie" classname="auto_test_task2.BOdocCategory" time="7.638">
    <failure message="Element should be visible {#CategoryDocument_multilingual_3_name}&#10;Element: &apos;&lt;input class=&quot;form-control&quot; id=&quot;CategoryDocument_multilingual_3_name&quot; name=&quot;CategoryDocument[multilingual][3][name]&quot; type=&quot;text&quot; displayed:false&gt;&lt;/input&gt;&apos;" type="com.codeborne.selenide.ex.ElementShould"><![CDATA[com.codeborne.selenide.ex.ElementShould: 
Element should be visible {#CategoryDocument_multilingual_3_name}
Element: '<input class="form-control" id="CategoryDocument_multilingual_3_name" name="CategoryDocument[multilingual][3][name]" type="text" displayed:false></input>'
	at auto_test_task2.BOdocCategory.AddDocCategorie(BOdocCategory.java:25)
]]></failure>
  </testcase>
  <testcase name="AddLng" classname="auto_test_task2.BOdocCategory" time="4.954"/>
</testsuite>