<?xml version="1.0" encoding="UTF-8"?>
<testng-results ignored="0" total="3" passed="2" failed="1" skipped="0">
  <reporter-output>
  </reporter-output>
  <suite started-at="2019-09-11T15:50:09 EEST" name="Task_2" finished-at="2019-09-11T15:50:28 EEST" duration-ms="19400">
    <groups>
    </groups>
    <test started-at="2019-09-11T15:50:09 EEST" name="AddNewCategory" finished-at="2019-09-11T15:50:28 EEST" duration-ms="19400">
      <class name="auto_test_task2.BOdocCategory">
        <test-method is-config="true" signature="setUp()[pri:0, instance:auto_test_task2.BOdocCategory@35e52059]" started-at="2019-09-11T15:50:09 EEST" name="setUp" finished-at="2019-09-11T15:50:09 EEST" duration-ms="51" status="PASS">
          <reporter-output>
          </reporter-output>
        </test-method> <!-- setUp -->
        <test-method signature="LogInBO()[pri:1, instance:auto_test_task2.BOdocCategory@35e52059]" started-at="2019-09-11T15:50:09 EEST" name="LogInBO" finished-at="2019-09-11T15:50:15 EEST" duration-ms="6337" status="PASS">
          <reporter-output>
          </reporter-output>
        </test-method> <!-- LogInBO -->
        <test-method is-config="true" signature="tearDown()[pri:0, instance:auto_test_task2.BOdocCategory@35e52059]" started-at="2019-09-11T15:50:15 EEST" name="tearDown" finished-at="2019-09-11T15:50:15 EEST" duration-ms="2" status="PASS">
          <reporter-output>
          </reporter-output>
        </test-method> <!-- tearDown -->
        <test-method signature="AddDocCategorie()[pri:2, instance:auto_test_task2.BOdocCategory@35e52059]" started-at="2019-09-11T15:50:15 EEST" name="AddDocCategorie" finished-at="2019-09-11T15:50:23 EEST" duration-ms="7301" status="FAIL">
          <exception class="com.codeborne.selenide.ex.ElementShould">
            <message>
              <![CDATA[Element should be visible {#CategoryDocument_multilingual_3_name}
Element: '<input class="form-control" id="CategoryDocument_multilingual_3_name" name="CategoryDocument[multilingual][3][name]" type="text" displayed:false></input>']]>
            </message>
            <full-stacktrace>
              <![CDATA[Element should be visible {#CategoryDocument_multilingual_3_name}
Element: '<input class="form-control" id="CategoryDocument_multilingual_3_name" name="CategoryDocument[multilingual][3][name]" type="text" displayed:false></input>'
Screenshot: file:/home/kostya/Документы/GitHub/java_autotest/Test1/target/allure-results/1568206222420.0.png
Page source: file:/home/kostya/Документы/GitHub/java_autotest/Test1/target/allure-results/1568206222420.0.html
Timeout: 4 s.
at com.codeborne.selenide.impl.WebElementSource.checkCondition(WebElementSource.java:72)
at com.codeborne.selenide.impl.WebElementSource.findAndAssertElementIsInteractable(WebElementSource.java:87)
at com.codeborne.selenide.commands.SetValue.execute(SetValue.java:29)
at com.codeborne.selenide.commands.SetValue.execute(SetValue.java:12)
at com.codeborne.selenide.commands.Commands.execute(Commands.java:144)
at com.codeborne.selenide.impl.SelenideElementProxy.dispatchAndRetry(SelenideElementProxy.java:99)
at com.codeborne.selenide.impl.SelenideElementProxy.invoke(SelenideElementProxy.java:65)
at com.sun.proxy.$Proxy12.setValue(Unknown Source)
at auto_test_task2.GeneralBase.addNewCategory(GeneralBase.java:98)
at auto_test_task2.BOdocCategory.AddDocCategorie(BOdocCategory.java:25)
at java.base/jdk.internal.reflect.NativeMethodAccessorImpl.invoke0(Native Method)
at java.base/jdk.internal.reflect.NativeMethodAccessorImpl.invoke(NativeMethodAccessorImpl.java:62)
at java.base/jdk.internal.reflect.DelegatingMethodAccessorImpl.invoke(DelegatingMethodAccessorImpl.java:43)
at java.base/java.lang.reflect.Method.invoke(Method.java:567)
at org.testng.internal.MethodInvocationHelper.invokeMethod(MethodInvocationHelper.java:133)
at org.testng.internal.TestInvoker.invokeMethod(TestInvoker.java:584)
at org.testng.internal.TestInvoker.invokeTestMethod(TestInvoker.java:172)
at org.testng.internal.MethodRunner.runInSequence(MethodRunner.java:46)
at org.testng.internal.TestInvoker$MethodInvocationAgent.invoke(TestInvoker.java:804)
at org.testng.internal.TestInvoker.invokeTestMethods(TestInvoker.java:145)
at org.testng.internal.TestMethodWorker.invokeTestMethods(TestMethodWorker.java:146)
at org.testng.internal.TestMethodWorker.run(TestMethodWorker.java:128)
at java.base/java.util.ArrayList.forEach(ArrayList.java:1540)
at org.testng.TestRunner.privateRun(TestRunner.java:770)
at org.testng.TestRunner.run(TestRunner.java:591)
at org.testng.SuiteRunner.runTest(SuiteRunner.java:402)
at org.testng.SuiteRunner.runSequentially(SuiteRunner.java:396)
at org.testng.SuiteRunner.privateRun(SuiteRunner.java:355)
at org.testng.SuiteRunner.run(SuiteRunner.java:304)
at org.testng.SuiteRunnerWorker.runSuite(SuiteRunnerWorker.java:53)
at org.testng.SuiteRunnerWorker.run(SuiteRunnerWorker.java:96)
at org.testng.TestNG.runSuitesSequentially(TestNG.java:1180)
at org.testng.TestNG.runSuitesLocally(TestNG.java:1102)
at org.testng.TestNG.runSuites(TestNG.java:1032)
at org.testng.TestNG.run(TestNG.java:1000)
at org.apache.maven.surefire.testng.TestNGExecutor.run(TestNGExecutor.java:283)
at org.apache.maven.surefire.testng.TestNGXmlTestSuite.execute(TestNGXmlTestSuite.java:75)
at org.apache.maven.surefire.testng.TestNGProvider.invoke(TestNGProvider.java:120)
at org.apache.maven.surefire.booter.ForkedBooter.invokeProviderInSameClassLoader(ForkedBooter.java:384)
at org.apache.maven.surefire.booter.ForkedBooter.runSuitesInProcess(ForkedBooter.java:345)
at org.apache.maven.surefire.booter.ForkedBooter.execute(ForkedBooter.java:126)
at org.apache.maven.surefire.booter.ForkedBooter.main(ForkedBooter.java:418)
]]>
            </full-stacktrace>
          </exception> <!-- com.codeborne.selenide.ex.ElementShould -->
          <reporter-output>
          </reporter-output>
        </test-method> <!-- AddDocCategorie -->
        <test-method is-config="true" signature="tearDown()[pri:0, instance:auto_test_task2.BOdocCategory@35e52059]" started-at="2019-09-11T15:50:23 EEST" name="tearDown" finished-at="2019-09-11T15:50:23 EEST" duration-ms="0" status="PASS">
          <reporter-output>
          </reporter-output>
        </test-method> <!-- tearDown -->
        <test-method signature="AddLng()[pri:3, instance:auto_test_task2.BOdocCategory@35e52059]" started-at="2019-09-11T15:50:23 EEST" name="AddLng" finished-at="2019-09-11T15:50:28 EEST" duration-ms="4953" status="PASS">
          <reporter-output>
          </reporter-output>
        </test-method> <!-- AddLng -->
        <test-method is-config="true" signature="tearDown()[pri:0, instance:auto_test_task2.BOdocCategory@35e52059]" started-at="2019-09-11T15:50:28 EEST" name="tearDown" finished-at="2019-09-11T15:50:28 EEST" duration-ms="1" status="PASS">
          <reporter-output>
          </reporter-output>
        </test-method> <!-- tearDown -->
      </class> <!-- auto_test_task2.BOdocCategory -->
    </test> <!-- AddNewCategory -->
  </suite> <!-- Task_2 -->
</testng-results>
