<?xml version="1.0" encoding="UTF-8"?>
<!-- Generated by org.testng.reporters.JUnitXMLReporter -->
<testsuite ignored="0" hostname="kostya" failures="1" tests="3" name="AddNewCategory" time="19.4" errors="0" timestamp="2019-09-11T15:50:28 EEST">
  <testcase classname="auto_test_task2.BOdocCategory" name="LogInBO" time="6.337"/>
  <testcase classname="auto_test_task2.BOdocCategory" name="AddDocCategorie" time="7.301">
    <failure type="com.codeborne.selenide.ex.ElementShould" message="Element should be visible {#CategoryDocument_multilingual_3_name}
Element: &amp;apos;&amp;lt;input class=&amp;quot;form-control&amp;quot; id=&amp;quot;CategoryDocument_multilingual_3_name&amp;quot; name=&amp;quot;CategoryDocument[multilingual][3][name]&amp;quot; type=&amp;quot;text&amp;quot; displayed:false&amp;gt;&amp;lt;/input&amp;gt;&amp;apos;">
      <![CDATA[Element should be visible {#CategoryDocument_multilingual_3_name}
Element: '<input class="form-control" id="CategoryDocument_multilingual_3_name" name="CategoryDocument[multilingual][3][name]" type="text" displayed:false></input>'
Screenshot: file:/home/kostya/Документы/GitHub/java_autotest/Test1/target/allure-results/1568206222420.0.png
Page source: file:/home/kostya/Документы/GitHub/java_autotest/Test1/target/allure-results/1568206222420.0.html
Timeout: 4 s.
at com.codeborne.selenide.impl.WebElementSource.checkCondition(WebElementSource.java:72)
at com.codeborne.selenide.impl.WebElementSource.findAndAssertElementIsInteractable(WebElementSource.java:87)
at com.codeborne.selenide.commands.SetValue.execute(SetValue.java:29)
at com.codeborne.selenide.commands.SetValue.execute(SetValue.java:12)
at com.codeborne.selenide.commands.Commands.execute(Commands.java:144)
at com.codeborne.selenide.impl.SelenideElementProxy.dispatchAndRetry(SelenideElementProxy.java:99)
at com.codeborne.selenide.impl.SelenideElementProxy.invoke(SelenideElementProxy.java:65)
at com.sun.proxy.$Proxy12.setValue(Unknown Source)
at auto_test_task2.GeneralBase.addNewCategory(GeneralBase.java:98)
at auto_test_task2.BOdocCategory.AddDocCategorie(BOdocCategory.java:25)
at java.base/java.util.ArrayList.forEach(ArrayList.java:1540)
... Removed 31 stack frames]]>
    </failure>
  </testcase> <!-- AddDocCategorie -->
  <testcase classname="auto_test_task2.BOdocCategory" name="AddLng" time="4.953"/>
</testsuite> <!-- AddNewCategory -->
